10/09/2021 01:44:11 [main.py 12] main - INFO: TASK ID bab069c4
10/09/2021 01:44:12 [main.py 52] main - INFO: PARAMETER PARSING
10/09/2021 01:44:12 [main.py 56] main - INFO: 
======= VRBotOption START =======
state_num : 10
action_num : 3
triple_num_per_graph : 10
know_vocab_size : None
vocab_size : None
response_max_len : 100
embed_dim : 300
hidden_units : 512
hidden_dim : 512
num_layers : 1
bidirectional : True
rnn_hidden_size : 256
dropout : 0.2
attention_type : mlp
train_stage : natural
ppn_dq : False
max_context_turn : 10
max_sentence_word : 100
max_target_word : 100
s_copy_lambda : 1.0
a_copy_lambda : 1.0
copy_lambda_decay_interval : 10000
copy_lambda_decay_value : 1.0
state_action_copy_lambda_mini : 1.0
init_tau : 1.0
tau_mini : 0.1
tau_decay_interval : 5000
tau_decay_rate : 0.5
mask_state_prob : False
node_embed_dim : 128
with_weak_action : False
training_sampling_times : 5
attn_history_sentence : True
with_state_know : True
with_action_know : True
with_copy : True
GATConfig : <class 'resource.option.vrbot_option.VRBotOption.GATConfig'>
max_node_num1 : 100
max_node_num2 : 50
single_node_max_triple1 : 10
single_node_max_triple2 : 5
======= VRBotOption END =======

10/09/2021 01:44:12 [main.py 58] main - INFO: PREPARE DATA
10/09/2021 01:44:12 [main.py 26] main - INFO: preparing sessions
10/09/2021 01:44:12 [load_data.py 16] main - INFO: 
read session from data/eyeai_train.zip
10/09/2021 01:44:13 [load_data.py 16] main - INFO: 
read session from data/eyeai_test.zip
10/09/2021 01:44:13 [load_data.py 16] main - INFO: 
read session from data/eyeai_valid.zip
10/09/2021 01:44:14 [main.py 30] main - INFO: preparing vocab
10/09/2021 01:44:14 [vocab.py 22] main.vocab - INFO: Vocab, size=30000, <sos>,<eos>,<pad> ... 单光,单克隆,单免,单再,单写
10/09/2021 01:44:14 [vocab.py 22] main.vocab - INFO: Vocab, size=8181, <sos>,<eos>,<pad> ... 龙眼,龙胆,龙虾,龟头,龟头炎
10/09/2021 01:44:19 [vrbot_engine.py 73] main.engine - INFO: [EPOCH 01] START - INFERENCE TRAINING
