10/09/2021 03:03:13 [main.py 12] main - INFO: TASK ID c37a88e6
10/09/2021 03:03:14 [main.py 52] main - INFO: PARAMETER PARSING
10/09/2021 03:03:14 [main.py 56] main - INFO: 
======= VRBotOption START =======
state_num : 10
action_num : 3
triple_num_per_graph : 10
know_vocab_size : None
vocab_size : None
response_max_len : 100
embed_dim : 300
hidden_units : 512
hidden_dim : 512
num_layers : 1
bidirectional : True
rnn_hidden_size : 256
dropout : 0.2
attention_type : mlp
train_stage : natural
ppn_dq : False
max_context_turn : 10
max_sentence_word : 100
max_target_word : 100
s_copy_lambda : 1.0
a_copy_lambda : 1.0
copy_lambda_decay_interval : 10000
copy_lambda_decay_value : 1.0
state_action_copy_lambda_mini : 1.0
init_tau : 1.0
tau_mini : 0.1
tau_decay_interval : 5000
tau_decay_rate : 0.5
mask_state_prob : False
node_embed_dim : 128
with_weak_action : False
training_sampling_times : 5
attn_history_sentence : True
with_state_know : True
with_action_know : True
with_copy : True
GATConfig : <class 'resource.option.vrbot_option.VRBotOption.GATConfig'>
max_node_num1 : 100
max_node_num2 : 50
single_node_max_triple1 : 10
single_node_max_triple2 : 5
======= VRBotOption END =======

10/09/2021 03:03:14 [main.py 58] main - INFO: PREPARE DATA
10/09/2021 03:03:14 [main.py 26] main - INFO: preparing sessions
10/09/2021 03:03:14 [load_data.py 16] main - INFO: 
read session from data/meddg_train.zip
10/09/2021 03:03:21 [load_data.py 16] main - INFO: 
read session from data/meddg_test.zip
10/09/2021 03:03:22 [load_data.py 16] main - INFO: 
read session from data/meddg_valid.zip
10/09/2021 03:03:25 [main.py 30] main - INFO: preparing vocab
10/09/2021 03:03:25 [vocab.py 22] main.vocab - INFO: Vocab, size=19999, <sos>,<eos>,<pad> ... 凉炸酒,肾病科,沙子,水垢,<_>
10/09/2021 03:03:25 [vocab.py 22] main.vocab - INFO: Vocab, size=164, <sos>,<eos>,<pad> ... 精神不振,时长,肛周疼痛,气促,月经紊乱
10/09/2021 03:03:29 [main.py 97] main - INFO: LOAD CHECKPOINT FROM data/ckpt/vrbot/fb7574e5/50-96059-train.model.ckpt
10/09/2021 03:03:29 [vrbot_engine.py 430] main.engine - INFO: LOAD CKPT FROM data/ckpt/vrbot/fb7574e5/50-96059-train.model.ckpt
10/09/2021 03:03:29 [vrbot_engine.py 275] main.engine - INFO: TEST INFERENCE START ...
10/09/2021 03:04:22 [vrbot_engine.py 320] main.engine - INFO: TEST INFERENCE FINISHED
10/09/2021 03:04:23 [vrbot_engine.py 396] main.engine - INFO: WRITE test OUTPUT TO FILE data/cache/VRBOT/c37a88e6/50-96059-test-(0.1768-0.1023-0.0691-0.0524).txt
10/09/2021 03:04:23 [writer4json.py 18] main.json_writer - INFO: dumping to data/cache/VRBOT/c37a88e6/50-96059-test-(0.1768-0.1023-0.0691-0.0524).txt with 996 sessions
10/09/2021 03:04:23 [writer4json.py 22] main.json_writer - INFO: dump done in 0.0968015193939209 seconds
